[debug] [2023-09-24T09:01:24.195Z] ----------------------------------------------------------------------
[debug] [2023-09-24T09:01:24.196Z] Command:       C:\Program Files\nodejs\node.exe C:\Users\Eryk\AppData\Local\pnpm\global\5\node_modules\firebase-tools\lib\bin\firebase.js init hosting
[debug] [2023-09-24T09:01:24.197Z] CLI Version:   12.5.4
[debug] [2023-09-24T09:01:24.197Z] Platform:      win32
[debug] [2023-09-24T09:01:24.197Z] Node Version:  v18.16.0
[debug] [2023-09-24T09:01:24.198Z] Time:          Sun Sep 24 2023 17:01:24 GMT+0800 (Australian Western Standard Time)
[debug] [2023-09-24T09:01:24.198Z] ----------------------------------------------------------------------
[debug] 
[debug] [2023-09-24T09:01:24.201Z] >>> [apiv2][query] GET https://firebase-public.firebaseio.com/cli.json [none]
[debug] [2023-09-24T09:01:24.231Z] > command requires scopes: ["email","openid","https://www.googleapis.com/auth/cloudplatformprojects.readonly","https://www.googleapis.com/auth/firebase","https://www.googleapis.com/auth/cloud-platform"]
[debug] [2023-09-24T09:01:24.232Z] > authorizing via signed-in user (eryk.grzeskow@gmail.com)
[info] 
     ######## #### ########  ######## ########     ###     ######  ########
     ##        ##  ##     ## ##       ##     ##  ##   ##  ##       ##
     ######    ##  ########  ######   ########  #########  ######  ######
     ##        ##  ##    ##  ##       ##     ## ##     ##       ## ##
     ##       #### ##     ## ######## ########  ##     ##  ######  ########

You're about to initialize a Firebase project in this directory:

  E:\Software Development\sveltekit\sveltekit-magic

[debug] [2023-09-24T09:01:24.759Z] <<< [apiv2][status] GET https://firebase-public.firebaseio.com/cli.json 200
[debug] [2023-09-24T09:01:24.759Z] <<< [apiv2][body] GET https://firebase-public.firebaseio.com/cli.json {"cloudBuildErrorAfter":1594252800000,"cloudBuildWarnAfter":1590019200000,"defaultNode10After":1594252800000,"minVersion":"3.0.5","node8DeploysDisabledAfter":1613390400000,"node8RuntimeDisabledAfter":1615809600000,"node8WarnAfter":1600128000000}
[info] 
=== Project Setup
[info] 
[info] First, let's associate this project directory with a Firebase project.
[info] You can create multiple project aliases by running firebase use --add, 
[info] but for now we'll just set up a default project.
[info] 
[debug] [2023-09-24T09:02:09.419Z] > refreshing access token with scopes: []
[debug] [2023-09-24T09:02:09.420Z] >>> [apiv2][query] POST https://www.googleapis.com/oauth2/v3/token [none]
[debug] [2023-09-24T09:02:09.420Z] >>> [apiv2][body] POST https://www.googleapis.com/oauth2/v3/token [omitted]
[debug] [2023-09-24T09:02:09.772Z] <<< [apiv2][status] POST https://www.googleapis.com/oauth2/v3/token 200
[debug] [2023-09-24T09:02:09.772Z] <<< [apiv2][body] POST https://www.googleapis.com/oauth2/v3/token [omitted]
[debug] [2023-09-24T09:02:09.781Z] >>> [apiv2][query] GET https://firebase.googleapis.com/v1beta1/projects pageSize=100
[debug] [2023-09-24T09:02:10.820Z] <<< [apiv2][status] GET https://firebase.googleapis.com/v1beta1/projects 200
[debug] [2023-09-24T09:02:10.820Z] <<< [apiv2][body] GET https://firebase.googleapis.com/v1beta1/projects [omitted]
[info] i  Using project sveltekit-magic (sveltekit-magic) 
[info] 
=== Hosting Setup
